This is XeTeX, Version 3.14159265-2.6-0.999992 (TeX Live 2020) (preloaded format=xelatex 2020.4.24)  24 APR 2020 21:01
entering extended mode
 restricted \write18 enabled.
 %&-line parsing enabled.
**rmrwr.tex
(./rmrwr.tex
LaTeX2e <2020-02-02> patch level 5
L3 programming layer <2020-04-06> (/Users/peterhiggins/Library/TinyTeX/texmf-di
st/tex/latex/base/book.cls
Document Class: book 2019/12/20 v1.4l Standard LaTeX document class
(/Users/peterhiggins/Library/TinyTeX/texmf-dist/tex/latex/base/bk10.clo
File: bk10.clo 2019/12/20 v1.4l Standard LaTeX file (size option)
)
\c@part=\count163
\c@chapter=\count164
\c@section=\count165
\c@subsection=\count166
\c@subsubsection=\count167
\c@paragraph=\count168
\c@subparagraph=\count169
\c@figure=\count170
\c@table=\count171
\abovecaptionskip=\skip47
\belowcaptionskip=\skip48
\bibindent=\dimen134
) (/Users/peterhiggins/Library/TinyTeX/texmf-dist/tex/latex/lm/lmodern.sty
Package: lmodern 2009/10/30 v1.6 Latin Modern Fonts
LaTeX Font Info:    Overwriting symbol font `operators' in version `normal'
(Font)                  OT1/cmr/m/n --> OT1/lmr/m/n on input line 22.
LaTeX Font Info:    Overwriting symbol font `letters' in version `normal'
(Font)                  OML/cmm/m/it --> OML/lmm/m/it on input line 23.
LaTeX Font Info:    Overwriting symbol font `symbols' in version `normal'
(Font)                  OMS/cmsy/m/n --> OMS/lmsy/m/n on input line 24.
LaTeX Font Info:    Overwriting symbol font `largesymbols' in version `normal'
(Font)                  OMX/cmex/m/n --> OMX/lmex/m/n on input line 25.
LaTeX Font Info:    Overwriting symbol font `operators' in version `bold'
(Font)                  OT1/cmr/bx/n --> OT1/lmr/bx/n on input line 26.
LaTeX Font Info:    Overwriting symbol font `letters' in version `bold'
(Font)                  OML/cmm/b/it --> OML/lmm/b/it on input line 27.
LaTeX Font Info:    Overwriting symbol font `symbols' in version `bold'
(Font)                  OMS/cmsy/b/n --> OMS/lmsy/b/n on input line 28.
LaTeX Font Info:    Overwriting symbol font `largesymbols' in version `bold'
(Font)                  OMX/cmex/m/n --> OMX/lmex/m/n on input line 29.
LaTeX Font Info:    Overwriting math alphabet `\mathbf' in version `normal'
(Font)                  OT1/cmr/bx/n --> OT1/lmr/bx/n on input line 31.
LaTeX Font Info:    Overwriting math alphabet `\mathsf' in version `normal'
(Font)                  OT1/cmss/m/n --> OT1/lmss/m/n on input line 32.
LaTeX Font Info:    Overwriting math alphabet `\mathit' in version `normal'
(Font)                  OT1/cmr/m/it --> OT1/lmr/m/it on input line 33.
LaTeX Font Info:    Overwriting math alphabet `\mathtt' in version `normal'
(Font)                  OT1/cmtt/m/n --> OT1/lmtt/m/n on input line 34.
LaTeX Font Info:    Overwriting math alphabet `\mathbf' in version `bold'
(Font)                  OT1/cmr/bx/n --> OT1/lmr/bx/n on input line 35.
LaTeX Font Info:    Overwriting math alphabet `\mathsf' in version `bold'
(Font)                  OT1/cmss/bx/n --> OT1/lmss/bx/n on input line 36.
LaTeX Font Info:    Overwriting math alphabet `\mathit' in version `bold'
(Font)                  OT1/cmr/bx/it --> OT1/lmr/bx/it on input line 37.
LaTeX Font Info:    Overwriting math alphabet `\mathtt' in version `bold'
(Font)                  OT1/cmtt/m/n --> OT1/lmtt/m/n on input line 38.
) (/Users/peterhiggins/Library/TinyTeX/texmf-dist/tex/latex/amsfonts/amssymb.st
y
Package: amssymb 2013/01/14 v3.01 AMS font symbols

(/Users/peterhiggins/Library/TinyTeX/texmf-dist/tex/latex/amsfonts/amsfonts.sty
Package: amsfonts 2013/01/14 v3.01 Basic AMSFonts support
\@emptytoks=\toks15
\symAMSa=\mathgroup4
\symAMSb=\mathgroup5
LaTeX Font Info:    Redeclaring math symbol \hbar on input line 98.
LaTeX Font Info:    Overwriting math alphabet `\mathfrak' in version `bold'
(Font)                  U/euf/m/n --> U/euf/b/n on input line 106.
)) (/Users/peterhiggins/Library/TinyTeX/texmf-dist/tex/latex/amsmath/amsmath.st
y
Package: amsmath 2020/01/20 v2.17e AMS math features
\@mathmargin=\skip49
For additional information on amsmath, use the `?' option.
(/Users/peterhiggins/Library/TinyTeX/texmf-dist/tex/latex/amsmath/amstext.sty
Package: amstext 2000/06/29 v2.01 AMS text
(/Users/peterhiggins/Library/TinyTeX/texmf-dist/tex/latex/amsmath/amsgen.sty
File: amsgen.sty 1999/11/30 v2.0 generic functions
\@emptytoks=\toks16
\ex@=\dimen135
)) (/Users/peterhiggins/Library/TinyTeX/texmf-dist/tex/latex/amsmath/amsbsy.sty
Package: amsbsy 1999/11/29 v1.2d Bold Symbols
\pmbraise@=\dimen136
) (/Users/peterhiggins/Library/TinyTeX/texmf-dist/tex/latex/amsmath/amsopn.sty
Package: amsopn 2016/03/08 v2.02 operator names
)
\inf@bad=\count172
LaTeX Info: Redefining \frac on input line 227.
\uproot@=\count173
\leftroot@=\count174
LaTeX Info: Redefining \overline on input line 389.
\classnum@=\count175
\DOTSCASE@=\count176
LaTeX Info: Redefining \ldots on input line 486.
LaTeX Info: Redefining \dots on input line 489.
LaTeX Info: Redefining \cdots on input line 610.
\Mathstrutbox@=\box45
\strutbox@=\box46
\big@size=\dimen137
LaTeX Font Info:    Redeclaring font encoding OML on input line 733.
LaTeX Font Info:    Redeclaring font encoding OMS on input line 734.
\macc@depth=\count177
\c@MaxMatrixCols=\count178
\dotsspace@=\muskip16
\c@parentequation=\count179
\dspbrk@lvl=\count180
\tag@help=\toks17
\row@=\count181
\column@=\count182
\maxfields@=\count183
\andhelp@=\toks18
\eqnshift@=\dimen138
\alignsep@=\dimen139
\tagshift@=\dimen140
\tagwidth@=\dimen141
\totwidth@=\dimen142
\lineht@=\dimen143
\@envbody=\toks19
\multlinegap=\skip50
\multlinetaggap=\skip51
\mathdisplay@stack=\toks20
LaTeX Info: Redefining \[ on input line 2859.
LaTeX Info: Redefining \] on input line 2860.
) (/Users/peterhiggins/Library/TinyTeX/texmf-dist/tex/generic/iftex/ifxetex.sty
Package: ifxetex 2019/10/25 v0.7 ifxetex legacy package. Use iftex instead.
(/Users/peterhiggins/Library/TinyTeX/texmf-dist/tex/generic/iftex/iftex.sty
Package: iftex 2020/03/06 v1.0d TeX engine tests
)) (/Users/peterhiggins/Library/TinyTeX/texmf-dist/tex/generic/iftex/ifluatex.s
ty
Package: ifluatex 2019/10/25 v1.5 ifluatex legacy package. Use iftex instead.
)
(/Users/peterhiggins/Library/TinyTeX/texmf-dist/tex/latex/unicode-math/unicode-
math.sty (/Users/peterhiggins/Library/TinyTeX/texmf-dist/tex/latex/l3kernel/exp
l3.sty
Package: expl3 2020-04-06 L3 programming layer (loader) 

(/Users/peterhiggins/Library/TinyTeX/texmf-dist/tex/latex/l3backend/l3backend-x
dvipdfmx.def
File: l3backend-xdvipdfmx.def 2020-03-12 L3 backend support: xdvipdfmx
\g__graphics_track_int=\count184
\l__pdf_internal_box=\box47
\g__pdf_backend_object_int=\count185
\g__pdf_backend_annotation_int=\count186
))
Package: unicode-math 2020/01/31 v0.8q Unicode maths in XeLaTeX and LuaLaTeX

(/Users/peterhiggins/Library/TinyTeX/texmf-dist/tex/latex/unicode-math/unicode-
math-xetex.sty
Package: unicode-math-xetex 2020/01/31 v0.8q Unicode maths in XeLaTeX and LuaLa
TeX

(/Users/peterhiggins/Library/TinyTeX/texmf-dist/tex/latex/l3packages/xparse/xpa
rse.sty
Package: xparse 2020-03-06 L3 Experimental document command parser
\l__xparse_current_arg_int=\count187
\g__xparse_grabber_int=\count188
\l__xparse_m_args_int=\count189
\l__xparse_v_nesting_int=\count190
)
(/Users/peterhiggins/Library/TinyTeX/texmf-dist/tex/latex/l3packages/l3keys2e/l
3keys2e.sty
Package: l3keys2e 2020-03-06 LaTeX2e option processing using LaTeX3 keys
)
(/Users/peterhiggins/Library/TinyTeX/texmf-dist/tex/latex/fontspec/fontspec.sty
Package: fontspec 2020/02/21 v2.7i Font selection for XeLaTeX and LuaLaTeX

(/Users/peterhiggins/Library/TinyTeX/texmf-dist/tex/latex/fontspec/fontspec-xet
ex.sty
Package: fontspec-xetex 2020/02/21 v2.7i Font selection for XeLaTeX and LuaLaTe
X
\l__fontspec_script_int=\count191
\l__fontspec_language_int=\count192
\l__fontspec_strnum_int=\count193
\l__fontspec_tmp_int=\count194
\l__fontspec_tmpa_int=\count195
\l__fontspec_tmpb_int=\count196
\l__fontspec_tmpc_int=\count197
\l__fontspec_em_int=\count198
\l__fontspec_emdef_int=\count199
\l__fontspec_strong_int=\count266
\l__fontspec_strongdef_int=\count267
\l__fontspec_tmpa_dim=\dimen144
\l__fontspec_tmpb_dim=\dimen145
\l__fontspec_tmpc_dim=\dimen146
(/Users/peterhiggins/Library/TinyTeX/texmf-dist/tex/latex/base/fontenc.sty
Package: fontenc 2020/02/11 v2.0o Standard LaTeX package
)
(/Users/peterhiggins/Library/TinyTeX/texmf-dist/tex/latex/fontspec/fontspec.cfg
))) (/Users/peterhiggins/Library/TinyTeX/texmf-dist/tex/latex/base/fix-cm.sty
Package: fix-cm 2015/01/14 v1.1t fixes to LaTeX
(/Users/peterhiggins/Library/TinyTeX/texmf-dist/tex/latex/base/ts1enc.def
File: ts1enc.def 2001/06/05 v3.0e (jk/car/fm) Standard LaTeX file
LaTeX Font Info:    Redeclaring font encoding TS1 on input line 47.
))
\g__um_fam_int=\count268
\g__um_fonts_used_int=\count269
\l__um_primecount_int=\count270
\g__um_primekern_muskip=\muskip17

(/Users/peterhiggins/Library/TinyTeX/texmf-dist/tex/latex/unicode-math/unicode-
math-table.tex))) (/Users/peterhiggins/Library/TinyTeX/texmf-dist/tex/latex/upq
uote/upquote.sty
Package: upquote 2012/04/19 v1.3 upright-quote and grave-accent glyphs in verba
tim
(/Users/peterhiggins/Library/TinyTeX/texmf-dist/tex/latex/base/textcomp.sty
Package: textcomp 2020/02/02 v2.0n Standard LaTeX package
)) (/Users/peterhiggins/Library/TinyTeX/texmf-dist/tex/latex/xcolor/xcolor.sty
Package: xcolor 2016/05/11 v2.12 LaTeX color extensions (UK)

(/Users/peterhiggins/Library/TinyTeX/texmf-dist/tex/latex/graphics-cfg/color.cf
g
File: color.cfg 2016/01/02 v1.6 sample color configuration
)
Package xcolor Info: Driver file: xetex.def on input line 225.

(/Users/peterhiggins/Library/TinyTeX/texmf-dist/tex/latex/graphics-def/xetex.de
f
File: xetex.def 2017/06/24 v5.0h Graphics/color driver for xetex
)
Package xcolor Info: Model `cmy' substituted by `cmy0' on input line 1348.
Package xcolor Info: Model `RGB' extended on input line 1364.
Package xcolor Info: Model `HTML' substituted by `rgb' on input line 1366.
Package xcolor Info: Model `Hsb' substituted by `hsb' on input line 1367.
Package xcolor Info: Model `tHsb' substituted by `hsb' on input line 1368.
Package xcolor Info: Model `HSB' substituted by `hsb' on input line 1369.
Package xcolor Info: Model `Gray' substituted by `gray' on input line 1370.
Package xcolor Info: Model `wave' substituted by `hsb' on input line 1371.
)
(/Users/peterhiggins/Library/TinyTeX/texmf-dist/tex/latex/hyperref/hyperref.sty
Package: hyperref 2020/01/14 v7.00d Hypertext links for LaTeX

(/Users/peterhiggins/Library/TinyTeX/texmf-dist/tex/generic/ltxcmds/ltxcmds.sty
Package: ltxcmds 2019/12/15 v1.24 LaTeX kernel commands for general use (HO)
)
(/Users/peterhiggins/Library/TinyTeX/texmf-dist/tex/latex/pdftexcmds/pdftexcmds
.sty
Package: pdftexcmds 2019/11/24 v0.31 Utility functions of pdfTeX for LuaTeX (HO
)

(/Users/peterhiggins/Library/TinyTeX/texmf-dist/tex/generic/infwarerr/infwarerr
.sty
Package: infwarerr 2019/12/03 v1.5 Providing info/warning/error messages (HO)
)
Package pdftexcmds Info: \pdf@primitive is available.
Package pdftexcmds Info: \pdf@ifprimitive is available.
Package pdftexcmds Info: \pdfdraftmode not found.
) (/Users/peterhiggins/Library/TinyTeX/texmf-dist/tex/latex/graphics/keyval.sty
Package: keyval 2014/10/28 v1.15 key=value parser (DPC)
\KV@toks@=\toks21
)
(/Users/peterhiggins/Library/TinyTeX/texmf-dist/tex/generic/kvsetkeys/kvsetkeys
.sty
Package: kvsetkeys 2019/12/15 v1.18 Key value parser (HO)
)
(/Users/peterhiggins/Library/TinyTeX/texmf-dist/tex/generic/kvdefinekeys/kvdefi
nekeys.sty
Package: kvdefinekeys 2019-12-19 v1.6 Define keys (HO)
)
(/Users/peterhiggins/Library/TinyTeX/texmf-dist/tex/generic/pdfescape/pdfescape
.sty
Package: pdfescape 2019/12/09 v1.15 Implements pdfTeX's escape features (HO)
) (/Users/peterhiggins/Library/TinyTeX/texmf-dist/tex/latex/hycolor/hycolor.sty
Package: hycolor 2020-01-27 v1.10 Color options for hyperref/bookmark (HO)
)
(/Users/peterhiggins/Library/TinyTeX/texmf-dist/tex/latex/letltxmacro/letltxmac
ro.sty
Package: letltxmacro 2019/12/03 v1.6 Let assignment for LaTeX macros (HO)
) (/Users/peterhiggins/Library/TinyTeX/texmf-dist/tex/latex/auxhook/auxhook.sty
Package: auxhook 2019-12-17 v1.6 Hooks for auxiliary files (HO)
)
(/Users/peterhiggins/Library/TinyTeX/texmf-dist/tex/latex/kvoptions/kvoptions.s
ty
Package: kvoptions 2019/11/29 v3.13 Key value format for package options (HO)
)
\@linkdim=\dimen147
\Hy@linkcounter=\count271
\Hy@pagecounter=\count272
(/Users/peterhiggins/Library/TinyTeX/texmf-dist/tex/latex/hyperref/pd1enc.def
File: pd1enc.def 2020/01/14 v7.00d Hyperref: PDFDocEncoding definition (HO)
)
(/Users/peterhiggins/Library/TinyTeX/texmf-dist/tex/generic/intcalc/intcalc.sty
Package: intcalc 2019/12/15 v1.3 Expandable calculations with integers (HO)
)
(/Users/peterhiggins/Library/TinyTeX/texmf-dist/tex/generic/etexcmds/etexcmds.s
ty
Package: etexcmds 2019/12/15 v1.7 Avoid name clashes with e-TeX commands (HO)
)
\Hy@SavedSpaceFactor=\count273
Package hyperref Info: Option `unicode' set `true' on input line 4421.
(/Users/peterhiggins/Library/TinyTeX/texmf-dist/tex/latex/hyperref/puenc.def
File: puenc.def 2020/01/14 v7.00d Hyperref: PDF Unicode definition (HO)
)
Package hyperref Info: Hyper figures OFF on input line 4547.
Package hyperref Info: Link nesting OFF on input line 4552.
Package hyperref Info: Hyper index ON on input line 4555.
Package hyperref Info: Plain pages OFF on input line 4562.
Package hyperref Info: Backreferencing OFF on input line 4567.
Package hyperref Info: Implicit mode ON; LaTeX internals redefined.
Package hyperref Info: Bookmarks ON on input line 4800.
\c@Hy@tempcnt=\count274
(/Users/peterhiggins/Library/TinyTeX/texmf-dist/tex/latex/url/url.sty
\Urlmuskip=\muskip18
Package: url 2013/09/16  ver 3.4  Verb mode for urls, etc.
)
LaTeX Info: Redefining \url on input line 5159.
\XeTeXLinkMargin=\dimen148
(/Users/peterhiggins/Library/TinyTeX/texmf-dist/tex/generic/bitset/bitset.sty
Package: bitset 2019/12/09 v1.3 Handle bit-vector datatype (HO)

(/Users/peterhiggins/Library/TinyTeX/texmf-dist/tex/generic/bigintcalc/bigintca
lc.sty
Package: bigintcalc 2019/12/15 v1.5 Expandable calculations on big integers (HO
)
))
\Fld@menulength=\count275
\Field@Width=\dimen149
\Fld@charsize=\dimen150
Package hyperref Info: Hyper figures OFF on input line 6430.
Package hyperref Info: Link nesting OFF on input line 6435.
Package hyperref Info: Hyper index ON on input line 6438.
Package hyperref Info: backreferencing OFF on input line 6445.
Package hyperref Info: Link coloring OFF on input line 6450.
Package hyperref Info: Link coloring with OCG OFF on input line 6455.
Package hyperref Info: PDF/A mode OFF on input line 6460.
LaTeX Info: Redefining \ref on input line 6500.
LaTeX Info: Redefining \pageref on input line 6504.

(/Users/peterhiggins/Library/TinyTeX/texmf-dist/tex/generic/atbegshi/atbegshi.s
ty
Package: atbegshi 2019/12/05 v1.19 At begin shipout hook (HO)
)
\Hy@abspage=\count276
\c@Item=\count277
\c@Hfootnote=\count278
)
Package hyperref Info: Driver (autodetected): hxetex.
(/Users/peterhiggins/Library/TinyTeX/texmf-dist/tex/latex/hyperref/hxetex.def
File: hxetex.def 2020/01/14 v7.00d Hyperref driver for XeTeX

(/Users/peterhiggins/Library/TinyTeX/texmf-dist/tex/generic/stringenc/stringenc
.sty
Package: stringenc 2019/11/29 v1.12 Convert strings between diff. encodings (HO
)
)
\pdfm@box=\box48
\c@Hy@AnnotLevel=\count279
\HyField@AnnotCount=\count280
\Fld@listcount=\count281
\c@bookmark@seq@number=\count282

(/Users/peterhiggins/Library/TinyTeX/texmf-dist/tex/latex/rerunfilecheck/rerunf
ilecheck.sty
Package: rerunfilecheck 2019/12/05 v1.9 Rerun checks for auxiliary files (HO)

(/Users/peterhiggins/Library/TinyTeX/texmf-dist/tex/latex/atveryend/atveryend.s
ty
Package: atveryend 2019-12-11 v1.11 Hooks at the very end of document (HO)
Package atveryend Info: \enddocument detected (standard20110627).
)
(/Users/peterhiggins/Library/TinyTeX/texmf-dist/tex/generic/uniquecounter/uniqu
ecounter.sty
Package: uniquecounter 2019/12/15 v1.4 Provide unlimited unique counter (HO)
)
Package uniquecounter Info: New unique counter `rerunfilecheck' on input line 2
86.
)
\Hy@SectionHShift=\skip52
)
(/Users/peterhiggins/Library/TinyTeX/texmf-dist/tex/latex/fancyvrb/fancyvrb.sty
Package: fancyvrb 2020/01/13 v3.5 verbatim text (tvz,hv)
\FV@CodeLineNo=\count283
\FV@InFile=\read2
\FV@TabBox=\box49
\c@FancyVerbLine=\count284
\FV@StepNumber=\count285
\FV@OutFile=\write3
) (/Users/peterhiggins/Library/TinyTeX/texmf-dist/tex/latex/framed/framed.sty
Package: framed 2011/10/22 v 0.96: framed or shaded text with page breaks
\OuterFrameSep=\skip53
\fb@frw=\dimen151
\fb@frh=\dimen152
\FrameRule=\dimen153
\FrameSep=\dimen154
) (/Users/peterhiggins/Library/TinyTeX/texmf-dist/tex/latex/tools/longtable.sty
Package: longtable 2020/01/07 v4.13 Multi-page Table package (DPC)
\LTleft=\skip54
\LTright=\skip55
\LTpre=\skip56
\LTpost=\skip57
\LTchunksize=\count286
\LTcapwidth=\dimen155
\LT@head=\box50
\LT@firsthead=\box51
\LT@foot=\box52
\LT@lastfoot=\box53
\LT@cols=\count287
\LT@rows=\count288
\c@LT@tables=\count289
\c@LT@chunks=\count290
\LT@p@ftn=\toks22
)
(/Users/peterhiggins/Library/TinyTeX/texmf-dist/tex/latex/booktabs/booktabs.sty
Package: booktabs 2020/01/12 v1.61803398 Publication quality tables
\heavyrulewidth=\dimen156
\lightrulewidth=\dimen157
\cmidrulewidth=\dimen158
\belowrulesep=\dimen159
\belowbottomsep=\dimen160
\aboverulesep=\dimen161
\abovetopsep=\dimen162
\cmidrulesep=\dimen163
\cmidrulekern=\dimen164
\defaultaddspace=\dimen165
\@cmidla=\count291
\@cmidlb=\count292
\@aboverulesep=\dimen166
\@belowrulesep=\dimen167
\@thisruleclass=\count293
\@lastruleclass=\count294
\@thisrulewidth=\dimen168
)
(/Users/peterhiggins/Library/TinyTeX/texmf-dist/tex/latex/etoolbox/etoolbox.sty
Package: etoolbox 2019/09/21 v2.5h e-TeX tools for LaTeX (JAW)
\etb@tempcnta=\count295
)
(/Users/peterhiggins/Library/TinyTeX/texmf-dist/tex/latex/mdwtools/footnote.sty
Package: footnote 1997/01/28 1.13 Save footnotes around boxes
\fn@notes=\box54
\fn@width=\dimen169
)
(/Users/peterhiggins/Library/TinyTeX/texmf-dist/tex/latex/graphics/graphicx.sty
Package: graphicx 2019/11/30 v1.2a Enhanced LaTeX Graphics (DPC,SPQR)

(/Users/peterhiggins/Library/TinyTeX/texmf-dist/tex/latex/graphics/graphics.sty
Package: graphics 2019/11/30 v1.4a Standard LaTeX Graphics (DPC,SPQR)
(/Users/peterhiggins/Library/TinyTeX/texmf-dist/tex/latex/graphics/trig.sty
Package: trig 2016/01/03 v1.10 sin cos tan (DPC)
)
(/Users/peterhiggins/Library/TinyTeX/texmf-dist/tex/latex/graphics-cfg/graphics
.cfg
File: graphics.cfg 2016/06/04 v1.11 sample graphics configuration
)
Package graphics Info: Driver file: xetex.def on input line 105.
)
\Gin@req@height=\dimen170
\Gin@req@width=\dimen171
) (/Users/peterhiggins/Library/TinyTeX/texmf-dist/tex/latex/grffile/grffile.sty
Package: grffile 2019/11/11 v2.1 Extended file name support for graphics (legac
y)
Package grffile Info: This package is an empty stub for compatibility on input 
line 40.
) (/Users/peterhiggins/Library/TinyTeX/texmf-dist/tex/latex/amscls/amsthm.sty
Package: amsthm 2017/10/31 v2.20.4
\thm@style=\toks23
\thm@bodyfont=\toks24
\thm@headfont=\toks25
\thm@notefont=\toks26
\thm@headpunct=\toks27
\thm@preskip=\skip58
\thm@postskip=\skip59
\thm@headsep=\skip60
\dth@everypar=\toks28
) (/Users/peterhiggins/Library/TinyTeX/texmf-dist/tex/latex/tools/array.sty
Package: array 2019/08/31 v2.4l Tabular extension package (FMi)
\col@sep=\dimen172
\ar@mcellbox=\box55
\extrarowheight=\dimen173
\NC@list=\toks29
\extratabsurround=\skip61
\backup@length=\skip62
\ar@cellbox=\box56
)
(/Users/peterhiggins/Library/TinyTeX/texmf-dist/tex/latex/multirow/multirow.sty
Package: multirow 2019/05/31 v2.5 Span multiple rows of a table
\multirow@colwidth=\skip63
\multirow@cntb=\count296
\multirow@dima=\skip64
\bigstrutjot=\dimen174
) (/Users/peterhiggins/Library/TinyTeX/texmf-dist/tex/latex/wrapfig/wrapfig.sty
\wrapoverhang=\dimen175
\WF@size=\dimen176
\c@WF@wrappedlines=\count297
\WF@box=\box57
\WF@everypar=\toks30
Package: wrapfig 2003/01/31  v 3.6
) (/Users/peterhiggins/Library/TinyTeX/texmf-dist/tex/latex/float/float.sty
Package: float 2001/11/08 v1.3d Float enhancements (AL)
\c@float@type=\count298
\float@exts=\toks31
\float@box=\box58
\@float@everytoks=\toks32
\@floatcapt=\box59
)
(/Users/peterhiggins/Library/TinyTeX/texmf-dist/tex/latex/colortbl/colortbl.sty
Package: colortbl 2020/01/04 v1.0e Color table columns (DPC)
\everycr=\toks33
\minrowclearance=\skip65
)
(/Users/peterhiggins/Library/TinyTeX/texmf-dist/tex/latex/pdflscape/pdflscape.s
ty
Package: pdflscape 2019/12/05 v0.12 Display of landscape pages in PDF (HO)
(/Users/peterhiggins/Library/TinyTeX/texmf-dist/tex/latex/graphics/lscape.sty
Package: lscape 2000/10/22 v3.01 Landscape Pages (DPC)
)
Package pdflscape Info: Auto-detected driver: dvipdfm (xetex) on input line 98.

) (/Users/peterhiggins/Library/TinyTeX/texmf-dist/tex/latex/tabu/tabu.sty
Package: tabu 2019/01/11 v2.9 - flexible LaTeX tabulars (FC+tabu-fixed)

(/Users/peterhiggins/Library/TinyTeX/texmf-dist/tex/latex/varwidth/varwidth.sty
Package: varwidth 2009/03/30 ver 0.92;  Variable-width minipages
\@vwid@box=\box60
\sift@deathcycles=\count299
\@vwid@loff=\dimen177
\@vwid@roff=\dimen178
)
\c@taburow=\count300
\tabu@nbcols=\count301
\tabu@cnt=\count302
\tabu@Xcol=\count303
\tabu@alloc=\count304
\tabu@nested=\count305
\tabu@target=\dimen179
\tabu@spreadtarget=\dimen180
\tabu@naturalX=\dimen181
\tabucolX=\dimen182
\tabu@Xsum=\dimen183
\extrarowdepth=\dimen184
\abovetabulinesep=\dimen185
\belowtabulinesep=\dimen186
\tabustrutrule=\dimen187
\tabu@thebody=\toks34
\tabu@footnotes=\toks35
\tabu@box=\box61
\tabu@arstrutbox=\box62
\tabu@hleads=\box63
\tabu@vleads=\box64
\tabu@cellskip=\skip66
)
(/Users/peterhiggins/Library/TinyTeX/texmf-dist/tex/latex/threeparttable/threep
arttable.sty
Package: threeparttable 2003/06/13  v 3.0
\@tempboxb=\box65
)
(/Users/peterhiggins/Library/TinyTeX/texmf-dist/tex/latex/threeparttablex/three
parttablex.sty
Package: threeparttablex 2013/07/23 v0.3 by daleif
(/Users/peterhiggins/Library/TinyTeX/texmf-dist/tex/latex/environ/environ.sty
Package: environ 2014/05/04 v0.3 A new way to define environments

(/Users/peterhiggins/Library/TinyTeX/texmf-dist/tex/latex/trimspaces/trimspaces
.sty
Package: trimspaces 2009/09/17 v1.1 Trim spaces around a token list
))
\TPTL@width=\skip67
) (/Users/peterhiggins/Library/TinyTeX/texmf-dist/tex/generic/ulem/ulem.sty
\UL@box=\box66
\UL@hyphenbox=\box67
\UL@skip=\skip68
\UL@hook=\toks36
\UL@height=\dimen188
\UL@pe=\count306
\UL@pixel=\dimen189
\ULC@box=\box68
Package: ulem 2019/11/18
\ULdepth=\dimen190
)
(/Users/peterhiggins/Library/TinyTeX/texmf-dist/tex/latex/makecell/makecell.sty
Package: makecell 2009/08/03 V0.1e Managing of Tab Column Heads and Cells
\rotheadsize=\dimen191
\c@nlinenum=\count307
\TeXr@lab=\toks37
) (/Users/peterhiggins/Library/TinyTeX/texmf-dist/tex/latex/caption/caption.sty
Package: caption 2020/01/03 v3.4h Customizing captions (AR)
(/Users/peterhiggins/Library/TinyTeX/texmf-dist/tex/latex/caption/caption3.sty
Package: caption3 2020/01/03 v1.8h caption3 kernel (AR)
Package caption3 Info: TeX engine: e-TeX on input line 61.
\captionmargin=\dimen192
\captionmargin@=\dimen193
\captionwidth=\dimen194
\caption@tempdima=\dimen195
\caption@indent=\dimen196
\caption@parindent=\dimen197
\caption@hangindent=\dimen198
Package caption Info: Standard document class detected.
)
\c@caption@flags=\count308
\c@continuedfloat=\count309
Package caption Info: float package is loaded.
Package caption Info: hyperref package is loaded.
Package caption Info: longtable package is loaded.

(/Users/peterhiggins/Library/TinyTeX/texmf-dist/tex/latex/caption/ltcaption.sty
Package: ltcaption 2018/08/26 v1.4a longtable captions (AR)
)
Package caption Info: threeparttable package is loaded.
Package caption Info: wrapfig package is loaded.
) (/Users/peterhiggins/Library/TinyTeX/texmf-dist/tex/latex/natbib/natbib.sty
Package: natbib 2010/09/13 8.31b (PWD, AO)
\bibhang=\skip69
\bibsep=\skip70
LaTeX Info: Redefining \cite on input line 694.
\c@NAT@ctr=\count310
)
No file rmrwr.aux.
\openout1 = `rmrwr.aux'.

LaTeX Font Info:    Checking defaults for OML/cmm/m/it on input line 141.
LaTeX Font Info:    ... okay on input line 141.
LaTeX Font Info:    Checking defaults for OMS/cmsy/m/n on input line 141.
LaTeX Font Info:    ... okay on input line 141.
LaTeX Font Info:    Checking defaults for OT1/cmr/m/n on input line 141.
LaTeX Font Info:    ... okay on input line 141.
LaTeX Font Info:    Checking defaults for T1/cmr/m/n on input line 141.
LaTeX Font Info:    ... okay on input line 141.
LaTeX Font Info:    Checking defaults for TS1/cmr/m/n on input line 141.
LaTeX Font Info:    ... okay on input line 141.
LaTeX Font Info:    Checking defaults for TU/lmr/m/n on input line 141.
LaTeX Font Info:    ... okay on input line 141.
LaTeX Font Info:    Checking defaults for OMX/cmex/m/n on input line 141.
LaTeX Font Info:    ... okay on input line 141.
LaTeX Font Info:    Checking defaults for U/cmr/m/n on input line 141.
LaTeX Font Info:    ... okay on input line 141.
LaTeX Font Info:    Checking defaults for PD1/pdf/m/n on input line 141.
LaTeX Font Info:    ... okay on input line 141.
LaTeX Font Info:    Checking defaults for PU/pdf/m/n on input line 141.
LaTeX Font Info:    ... okay on input line 141.
LaTeX Font Info:    Overwriting math alphabet `\mathrm' in version `normal'
(Font)                  OT1/lmr/m/n --> TU/lmr/m/n on input line 141.
LaTeX Font Info:    Overwriting math alphabet `\mathit' in version `normal'
(Font)                  OT1/lmr/m/it --> TU/lmr/m/it on input line 141.
LaTeX Font Info:    Overwriting math alphabet `\mathbf' in version `normal'
(Font)                  OT1/lmr/bx/n --> TU/lmr/bx/n on input line 141.
LaTeX Font Info:    Overwriting math alphabet `\mathsf' in version `normal'
(Font)                  OT1/lmss/m/n --> TU/lmss/m/n on input line 141.
LaTeX Font Info:    Overwriting math alphabet `\mathsf' in version `bold'
(Font)                  OT1/lmss/bx/n --> TU/lmss/bx/n on input line 141.
LaTeX Font Info:    Overwriting math alphabet `\mathtt' in version `normal'
(Font)                  OT1/lmtt/m/n --> TU/lmtt/m/n on input line 141.
LaTeX Font Info:    Overwriting math alphabet `\mathtt' in version `bold'
(Font)                  OT1/lmtt/m/n --> TU/lmtt/bx/n on input line 141.

Package fontspec Info: latinmodern-math scale = 0.9999964596882403.


Package fontspec Info: latinmodern-math scale = 0.9999964596882403.


Package fontspec Info: latinmodern-math scale = 0.9999964596882403.


Package fontspec Info: Font family 'latinmodern-math.otf(0)' created for font
(fontspec)             'latinmodern-math.otf' with options
(fontspec)             [Scale=MatchLowercase,BoldItalicFont={},ItalicFont={},Sm
allCapsFont={},Script=Math,BoldFont={latinmodern-math.otf}].
(fontspec)              
(fontspec)              This font family consists of the following NFSS
(fontspec)             series/shapes:
(fontspec)              
(fontspec)             - 'normal' (m/n) with NFSS spec.:
(fontspec)             <->s*[0.9999964596882403]"[latinmodern-math.otf]/OT:scri
pt=math;language=dflt;"
(fontspec)             - 'small caps'  (m/sc) with NFSS spec.: 
(fontspec)             - 'bold' (b/n) with NFSS spec.:
(fontspec)             <->s*[0.9999964596882403]"[latinmodern-math.otf]/OT:scri
pt=math;language=dflt;"
(fontspec)             - 'bold small caps'  (b/sc) with NFSS spec.: 

LaTeX Font Info:    Font shape `TU/latinmodern-math.otf(0)/m/n' will be
(Font)              scaled to size 10.0pt on input line 141.

Package fontspec Info: latinmodern-math scale = 0.9999964596882403.


Package fontspec Info: latinmodern-math scale = 0.9999964596882403.


Package fontspec Info: latinmodern-math scale = 0.9999964596882403.


Package fontspec Info: latinmodern-math scale = 0.9999964596882403.


Package fontspec Info: latinmodern-math scale = 0.9999964596882403.


Package fontspec Info: Font family 'latinmodern-math.otf(1)' created for font
(fontspec)             'latinmodern-math.otf' with options
(fontspec)             [Scale=MatchLowercase,BoldItalicFont={},ItalicFont={},Sm
allCapsFont={},Script=Math,SizeFeatures={{Size=8.5-},{Size=6-8.5,Font=latinmode
rn-math.otf,Style=MathScript},{Size=-6,Font=latinmodern-math.otf,Style=MathScri
ptScript}},BoldFont={latinmodern-math.otf}].
(fontspec)              
(fontspec)              This font family consists of the following NFSS
(fontspec)             series/shapes:
(fontspec)              
(fontspec)             - 'normal' (m/n) with NFSS spec.:
(fontspec)             <8.5->s*[0.9999964596882403]"[latinmodern-math.otf]/OT:s
cript=math;language=dflt;"<6-8.5>s*[0.9999964596882403]"[latinmodern-math.otf]/
OT:script=math;language=dflt;+ssty=0;"<-6>s*[0.9999964596882403]"[latinmodern-m
ath.otf]/OT:script=math;language=dflt;+ssty=1;"
(fontspec)             - 'small caps'  (m/sc) with NFSS spec.: 
(fontspec)             - 'bold' (b/n) with NFSS spec.:
(fontspec)             <->s*[0.9999964596882403]"[latinmodern-math.otf]/OT:scri
pt=math;language=dflt;"
(fontspec)             - 'bold small caps'  (b/sc) with NFSS spec.: 

LaTeX Font Info:    Font shape `TU/latinmodern-math.otf(1)/m/n' will be
(Font)              scaled to size 10.0pt on input line 141.
LaTeX Font Info:    Encoding `OT1' has changed to `TU' for symbol font
(Font)              `operators' in the math version `normal' on input line 141.

LaTeX Font Info:    Overwriting symbol font `operators' in version `normal'
(Font)                  OT1/lmr/m/n --> TU/latinmodern-math.otf(1)/m/n on input
 line 141.
LaTeX Font Info:    Encoding `OT1' has changed to `TU' for symbol font
(Font)              `operators' in the math version `bold' on input line 141.
LaTeX Font Info:    Overwriting symbol font `operators' in version `bold'
(Font)                  OT1/lmr/bx/n --> TU/latinmodern-math.otf(1)/b/n on inpu
t line 141.

Package fontspec Info: latinmodern-math scale = 0.9999964596882403.


Package fontspec Info: latinmodern-math scale = 1.000096459334209.


Package fontspec Info: latinmodern-math scale = 0.9999964596882403.


Package fontspec Info: latinmodern-math scale = 1.000096459334209.


Package fontspec Info: latinmodern-math scale = 0.9999964596882403.


Package fontspec Info: latinmodern-math scale = 1.000096459334209.


Package fontspec Info: latinmodern-math scale = 0.9999964596882403.


Package fontspec Info: latinmodern-math scale = 1.000096459334209.


Package fontspec Info: latinmodern-math scale = 0.9999964596882403.


Package fontspec Info: latinmodern-math scale = 1.000096459334209.


Package fontspec Info: Font family 'latinmodern-math.otf(2)' created for font
(fontspec)             'latinmodern-math.otf' with options
(fontspec)             [Scale=MatchLowercase,BoldItalicFont={},ItalicFont={},Sm
allCapsFont={},Script=Math,SizeFeatures={{Size=8.5-},{Size=6-8.5,Font=latinmode
rn-math.otf,Style=MathScript},{Size=-6,Font=latinmodern-math.otf,Style=MathScri
ptScript}},BoldFont={latinmodern-math.otf},ScaleAgain=1.0001,FontAdjustment={\f
ontdimen
(fontspec)             8\font =6.77pt\relax \fontdimen 9\font =3.94pt\relax
(fontspec)             \fontdimen 10\font =4.44pt\relax \fontdimen 11\font
(fontspec)             =6.86pt\relax \fontdimen 12\font =3.45pt\relax
(fontspec)             \fontdimen 13\font =3.63pt\relax \fontdimen 14\font
(fontspec)             =3.63pt\relax \fontdimen 15\font =2.89pt\relax
(fontspec)             \fontdimen 16\font =2.47pt\relax \fontdimen 17\font
(fontspec)             =2.47pt\relax \fontdimen 18\font =2.5pt\relax
(fontspec)             \fontdimen 19\font =2.0pt\relax \fontdimen 22\font
(fontspec)             =2.5pt\relax \fontdimen 20\font =0pt\relax \fontdimen
(fontspec)             21\font =0pt\relax }].
(fontspec)              
(fontspec)              This font family consists of the following NFSS
(fontspec)             series/shapes:
(fontspec)              
(fontspec)             - 'normal' (m/n) with NFSS spec.:
(fontspec)             <8.5->s*[1.000096459334209]"[latinmodern-math.otf]/OT:sc
ript=math;language=dflt;"<6-8.5>s*[1.000096459334209]"[latinmodern-math.otf]/OT
:script=math;language=dflt;+ssty=0;"<-6>s*[1.000096459334209]"[latinmodern-math
.otf]/OT:script=math;language=dflt;+ssty=1;"
(fontspec)             - 'small caps'  (m/sc) with NFSS spec.: 
(fontspec)             and font adjustment code:
(fontspec)             \fontdimen 8\font =6.77pt\relax \fontdimen 9\font
(fontspec)             =3.94pt\relax \fontdimen 10\font =4.44pt\relax
(fontspec)             \fontdimen 11\font =6.86pt\relax \fontdimen 12\font
(fontspec)             =3.45pt\relax \fontdimen 13\font =3.63pt\relax
(fontspec)             \fontdimen 14\font =3.63pt\relax \fontdimen 15\font
(fontspec)             =2.89pt\relax \fontdimen 16\font =2.47pt\relax
(fontspec)             \fontdimen 17\font =2.47pt\relax \fontdimen 18\font
(fontspec)             =2.5pt\relax \fontdimen 19\font =2.0pt\relax \fontdimen
(fontspec)             22\font =2.5pt\relax \fontdimen 20\font =0pt\relax
(fontspec)             \fontdimen 21\font =0pt\relax 
(fontspec)             - 'bold' (b/n) with NFSS spec.:
(fontspec)             <->s*[1.000096459334209]"[latinmodern-math.otf]/OT:scrip
t=math;language=dflt;"
(fontspec)             - 'bold small caps'  (b/sc) with NFSS spec.: 
(fontspec)             and font adjustment code:
(fontspec)             \fontdimen 8\font =6.77pt\relax \fontdimen 9\font
(fontspec)             =3.94pt\relax \fontdimen 10\font =4.44pt\relax
(fontspec)             \fontdimen 11\font =6.86pt\relax \fontdimen 12\font
(fontspec)             =3.45pt\relax \fontdimen 13\font =3.63pt\relax
(fontspec)             \fontdimen 14\font =3.63pt\relax \fontdimen 15\font
(fontspec)             =2.89pt\relax \fontdimen 16\font =2.47pt\relax
(fontspec)             \fontdimen 17\font =2.47pt\relax \fontdimen 18\font
(fontspec)             =2.5pt\relax \fontdimen 19\font =2.0pt\relax \fontdimen
(fontspec)             22\font =2.5pt\relax \fontdimen 20\font =0pt\relax
(fontspec)             \fontdimen 21\font =0pt\relax 

LaTeX Font Info:    Encoding `OMS' has changed to `TU' for symbol font
(Font)              `symbols' in the math version `normal' on input line 141.
LaTeX Font Info:    Overwriting symbol font `symbols' in version `normal'
(Font)                  OMS/lmsy/m/n --> TU/latinmodern-math.otf(2)/m/n on inpu
t line 141.
LaTeX Font Info:    Encoding `OMS' has changed to `TU' for symbol font
(Font)              `symbols' in the math version `bold' on input line 141.
LaTeX Font Info:    Overwriting symbol font `symbols' in version `bold'
(Font)                  OMS/lmsy/b/n --> TU/latinmodern-math.otf(2)/b/n on inpu
t line 141.

Package fontspec Info: latinmodern-math scale = 0.9999964596882403.


Package fontspec Info: latinmodern-math scale = 0.9998964600422715.


Package fontspec Info: latinmodern-math scale = 0.9999964596882403.


Package fontspec Info: latinmodern-math scale = 0.9998964600422715.


Package fontspec Info: latinmodern-math scale = 0.9999964596882403.


Package fontspec Info: latinmodern-math scale = 0.9998964600422715.


Package fontspec Info: latinmodern-math scale = 0.9999964596882403.


Package fontspec Info: latinmodern-math scale = 0.9998964600422715.


Package fontspec Info: latinmodern-math scale = 0.9999964596882403.


Package fontspec Info: latinmodern-math scale = 0.9998964600422715.


Package fontspec Info: Font family 'latinmodern-math.otf(3)' created for font
(fontspec)             'latinmodern-math.otf' with options
(fontspec)             [Scale=MatchLowercase,BoldItalicFont={},ItalicFont={},Sm
allCapsFont={},Script=Math,SizeFeatures={{Size=8.5-},{Size=6-8.5,Font=latinmode
rn-math.otf,Style=MathScript},{Size=-6,Font=latinmodern-math.otf,Style=MathScri
ptScript}},BoldFont={latinmodern-math.otf},ScaleAgain=0.9999,FontAdjustment={\f
ontdimen
(fontspec)             8\font =0.4pt\relax \fontdimen 9\font =2.0pt\relax
(fontspec)             \fontdimen 10\font =1.67pt\relax \fontdimen 11\font
(fontspec)             =1.11pt\relax \fontdimen 12\font =6.0pt\relax
(fontspec)             \fontdimen 13\font =0pt\relax }].
(fontspec)              
(fontspec)              This font family consists of the following NFSS
(fontspec)             series/shapes:
(fontspec)              
(fontspec)             - 'normal' (m/n) with NFSS spec.:
(fontspec)             <8.5->s*[0.9998964600422715]"[latinmodern-math.otf]/OT:s
cript=math;language=dflt;"<6-8.5>s*[0.9998964600422715]"[latinmodern-math.otf]/
OT:script=math;language=dflt;+ssty=0;"<-6>s*[0.9998964600422715]"[latinmodern-m
ath.otf]/OT:script=math;language=dflt;+ssty=1;"
(fontspec)             - 'small caps'  (m/sc) with NFSS spec.: 
(fontspec)             and font adjustment code:
(fontspec)             \fontdimen 8\font =0.4pt\relax \fontdimen 9\font
(fontspec)             =2.0pt\relax \fontdimen 10\font =1.67pt\relax
(fontspec)             \fontdimen 11\font =1.11pt\relax \fontdimen 12\font
(fontspec)             =6.0pt\relax \fontdimen 13\font =0pt\relax 
(fontspec)             - 'bold' (b/n) with NFSS spec.:
(fontspec)             <->s*[0.9998964600422715]"[latinmodern-math.otf]/OT:scri
pt=math;language=dflt;"
(fontspec)             - 'bold small caps'  (b/sc) with NFSS spec.: 
(fontspec)             and font adjustment code:
(fontspec)             \fontdimen 8\font =0.4pt\relax \fontdimen 9\font
(fontspec)             =2.0pt\relax \fontdimen 10\font =1.67pt\relax
(fontspec)             \fontdimen 11\font =1.11pt\relax \fontdimen 12\font
(fontspec)             =6.0pt\relax \fontdimen 13\font =0pt\relax 

LaTeX Font Info:    Encoding `OMX' has changed to `TU' for symbol font
(Font)              `largesymbols' in the math version `normal' on input line 1
41.
LaTeX Font Info:    Overwriting symbol font `largesymbols' in version `normal'
(Font)                  OMX/lmex/m/n --> TU/latinmodern-math.otf(3)/m/n on inpu
t line 141.
LaTeX Font Info:    Encoding `OMX' has changed to `TU' for symbol font
(Font)              `largesymbols' in the math version `bold' on input line 141
.
LaTeX Font Info:    Overwriting symbol font `largesymbols' in version `bold'
(Font)                  OMX/lmex/m/n --> TU/latinmodern-math.otf(3)/b/n on inpu
t line 141.
\AtBeginShipoutBox=\box69
Package hyperref Info: Link coloring OFF on input line 141.
(/Users/peterhiggins/Library/TinyTeX/texmf-dist/tex/latex/hyperref/nameref.sty
Package: nameref 2019/09/16 v2.46 Cross-referencing by name of section

(/Users/peterhiggins/Library/TinyTeX/texmf-dist/tex/latex/refcount/refcount.sty
Package: refcount 2019/12/15 v3.6 Data extraction from label references (HO)
)
(/Users/peterhiggins/Library/TinyTeX/texmf-dist/tex/generic/gettitlestring/gett
itlestring.sty
Package: gettitlestring 2019/12/15 v1.6 Cleanup title references (HO)
)
\c@section@level=\count311
)
LaTeX Info: Redefining \ref on input line 141.
LaTeX Info: Redefining \pageref on input line 141.
LaTeX Info: Redefining \nameref on input line 141.
\@outlinefile=\write4
\openout4 = `rmrwr.out'.


Package hyperref Warning: Rerun to get /PageLabels entry.

Package caption Info: Begin \AtBeginDocument code.
Package caption Info: End \AtBeginDocument code.
LaTeX Font Info:    Font shape `TU/latinmodern-math.otf(1)/m/n' will be
(Font)              scaled to size 12.0pt on input line 143.
LaTeX Font Info:    Font shape `TU/latinmodern-math.otf(1)/m/n' will be
(Font)              scaled to size 8.0pt on input line 143.
LaTeX Font Info:    Font shape `TU/latinmodern-math.otf(1)/m/n' will be
(Font)              scaled to size 6.0pt on input line 143.
LaTeX Font Info:    Trying to load font information for OML+lmm on input line 1
43.
(/Users/peterhiggins/Library/TinyTeX/texmf-dist/tex/latex/lm/omllmm.fd
File: omllmm.fd 2009/10/30 v1.6 Font defs for Latin Modern
)
LaTeX Font Info:    Font shape `TU/latinmodern-math.otf(2)/m/n' will be
(Font)              scaled to size 12.0011pt on input line 143.
LaTeX Font Info:    Font shape `TU/latinmodern-math.otf(2)/m/n' will be
(Font)              scaled to size 8.00073pt on input line 143.
LaTeX Font Info:    Font shape `TU/latinmodern-math.otf(2)/m/n' will be
(Font)              scaled to size 6.00055pt on input line 143.
LaTeX Font Info:    Font shape `TU/latinmodern-math.otf(3)/m/n' will be
(Font)              scaled to size 11.99872pt on input line 143.
LaTeX Font Info:    Font shape `TU/latinmodern-math.otf(3)/m/n' will be
(Font)              scaled to size 7.99915pt on input line 143.
LaTeX Font Info:    Font shape `TU/latinmodern-math.otf(3)/m/n' will be
(Font)              scaled to size 5.99936pt on input line 143.
LaTeX Font Info:    Trying to load font information for U+msa on input line 143
.
(/Users/peterhiggins/Library/TinyTeX/texmf-dist/tex/latex/amsfonts/umsa.fd
File: umsa.fd 2013/01/14 v3.01 AMS symbols A
)
LaTeX Font Info:    Trying to load font information for U+msb on input line 143
.
(/Users/peterhiggins/Library/TinyTeX/texmf-dist/tex/latex/amsfonts/umsb.fd
File: umsb.fd 2013/01/14 v3.01 AMS symbols B
) [1


] [2

]
\tf@toc=\write5
\openout5 = `rmrwr.toc'.

[3] [4

]
Chapter 1.
[5] [6] [7]
LaTeX Font Info:    Font shape `TU/latinmodern-math.otf(1)/m/n' will be
(Font)              scaled to size 7.0pt on input line 250.
LaTeX Font Info:    Font shape `TU/latinmodern-math.otf(1)/m/n' will be
(Font)              scaled to size 5.0pt on input line 250.
LaTeX Font Info:    Font shape `TU/latinmodern-math.otf(2)/m/n' will be
(Font)              scaled to size 10.00092pt on input line 250.
LaTeX Font Info:    Font shape `TU/latinmodern-math.otf(2)/m/n' will be
(Font)              scaled to size 7.00064pt on input line 250.
LaTeX Font Info:    Font shape `TU/latinmodern-math.otf(2)/m/n' will be
(Font)              scaled to size 5.00046pt on input line 250.
LaTeX Font Info:    Font shape `TU/latinmodern-math.otf(3)/m/n' will be
(Font)              scaled to size 9.99893pt on input line 250.
LaTeX Font Info:    Font shape `TU/latinmodern-math.otf(3)/m/n' will be
(Font)              scaled to size 6.99925pt on input line 250.
LaTeX Font Info:    Font shape `TU/latinmodern-math.otf(3)/m/n' will be
(Font)              scaled to size 4.99947pt on input line 250.
[8]
Chapter 2.
[9

]
File: images/drag.png Graphic file (type bmp)
<images/drag.png>
File: images/dashboard.png Graphic file (type bmp)
<images/dashboard.png>

Underfull \hbox (badness 1189) in paragraph at lines 310--318
\TU/lmr/m/n/10 R is a statistical programming language, designed for non-progra
mmers
 []


Underfull \hbox (badness 10000) in paragraph at lines 310--318
[]
 []


Underfull \vbox (badness 10000) has occurred while \output is active []

[10]
File: images/r-project.png Graphic file (type bmp)
<images/r-project.png>
File: images/dash-tesla.png Graphic file (type bmp)
<images/dash-tesla.png>

Overfull \hbox (124.62451pt too wide) in paragraph at lines 319--326
[]\TU/lmr/m/n/10 This screen will look like this [] 
 []

[11]
File: images/cran-mirror.png Graphic file (type bmp)
<images/cran-mirror.png>
File: images/usa-mirrors.png Graphic file (type bmp)
<images/usa-mirrors.png>

Overfull \hbox (73.76251pt too wide) in paragraph at lines 327--334
\TU/lmr/m/n/10 will download R. []
 []


Underfull \hbox (badness 1014) in paragraph at lines 327--334
\TU/lmr/m/n/10 Scroll down to your country (yes, the USA is at the bottom), and
 a
 []


Underfull \vbox (badness 10000) has occurred while \output is active []

[12]
File: images/installr.png Graphic file (type bmp)
<images/installr.png>
File: images/installr2.png Graphic file (type bmp)
<images/installr2.png>
File: images/installr3windows.png Graphic file (type bmp)
<images/installr3windows.png>
File: images/installrsave.png Graphic file (type bmp)
<images/installrsave.png>
File: images/installrexe.png Graphic file (type bmp)
<images/installrexe.png>
File: images/installrEnglish.png Graphic file (type bmp)
<images/installrEnglish.png>
File: images/installrdrive.png Graphic file (type bmp)
<images/installrdrive.png>
File: images/installrComponents.png Graphic file (type bmp)
<images/installrComponents.png>
File: images/installrdefaults.png Graphic file (type bmp)
<images/installrdefaults.png>
File: images/installrstartmenu.png Graphic file (type bmp)
<images/installrstartmenu.png>

Underfull \hbox (badness 1365) in paragraph at lines 341--356
\TU/lmr/m/n/10 installation file (R-N.N.N-win.exe). Click Yes to allow this to 
install.
 []


Overfull \hbox (18.89113pt too wide) in paragraph at lines 341--356
\TU/lmr/m/n/10 Now select your language option []
 []


Overfull \hbox (24.13203pt too wide) in paragraph at lines 341--356
\TU/lmr/m/n/10 sion. []
 []


Overfull \hbox (200.53503pt too wide) in paragraph at lines 341--356
\TU/lmr/m/n/10 In the next dialog box, accept the default startup options. []
 []


Underfull \hbox (badness 1168) in paragraph at lines 341--356
\TU/lmr/m/n/10 You can choose the start menu folder. The default R folder is fi
ne.
 []


Underfull \vbox (badness 10000) has occurred while \output is active []

[13]
Underfull \vbox (badness 10000) has occurred while \output is active []

[14]
Underfull \vbox (badness 10000) has occurred while \output is active []

[15]
Underfull \vbox (badness 10000) has occurred while \output is active []

[16]
File: images/installraddltasks.png Graphic file (type bmp)
<images/installraddltasks.png>
File: images/installrwizard.png Graphic file (type bmp)
<images/installrwizard.png>

Underfull \vbox (badness 1043) has occurred while \output is active []

[17]
File: images/installwin-path2.png Graphic file (type bmp)
<images/installwin-path2.png>
File: images/installrpath.png Graphic file (type bmp)
<images/installrpath.png>
File: images/windowsrterm.png Graphic file (type bmp)
<images/windowsrterm.png>

Overfull \hbox (39.12479pt too wide) in paragraph at lines 380--386
\TU/lmr/m/n/10 prompt. []
 []

[18] [19]
File: images/windowstest.png Graphic file (type bmp)
<images/windowstest.png>

Underfull \vbox (badness 10000) has occurred while \output is active []

[20]
File: images/installrpkgmac.png Graphic file (type bmp)
<images/installrpkgmac.png>
File: images/installrdownloadsmac.png Graphic file (type bmp)
<images/installrdownloadsmac.png>

Overfull \hbox (34.5825pt too wide) in paragraph at lines 404--408
\TU/lmr/m/n/10 CRAN. []
 []

File: images/installrCont1mac.png Graphic file (type bmp)
<images/installrCont1mac.png>
File: images/installrCont2mac.png Graphic file (type bmp)
<images/installrCont2mac.png>
File: images/installrmacLicense.png Graphic file (type bmp)
<images/installrmacLicense.png>
File: images/installrmac-install.png Graphic file (type bmp)
<images/installrmac-install.png>

Underfull \hbox (badness 10000) in paragraph at lines 409--416
[][]
 []


Overfull \hbox (225.44405pt too wide) in paragraph at lines 409--416
\TU/lmr/m/n/10 Then you need to agree with the License Agreement, []
 []


Underfull \vbox (badness 10000) has occurred while \output is active []

[21]
Underfull \vbox (badness 10000) has occurred while \output is active []

[22]
Underfull \vbox (badness 10000) has occurred while \output is active []

[23]
File: images/findrmac.png Graphic file (type bmp)
<images/findrmac.png>
File: images/rconsolemac.png Graphic file (type bmp)
<images/rconsolemac.png>

Overfull \hbox (109.72879pt too wide) in paragraph at lines 420--427
\TU/lmr/m/n/10 ble click on this to run it. []
 []


Underfull \hbox (badness 5217) in paragraph at lines 420--427
\TU/lmr/m/n/10 You should get this 2000=era terminal window named R Console.
 []


Underfull \hbox (badness 5147) in paragraph at lines 420--427
\TU/lmr/m/n/10 The version number should match what you downloaded, and the
 []


Underfull \hbox (badness 1365) in paragraph at lines 420--427
\TU/lmr/m/n/10 messaging should end with a “>” prompt. At this prompt, type in
 []


Underfull \vbox (badness 10000) has occurred while \output is active []

[24]
Underfull \vbox (badness 10000) has occurred while \output is active []

[25]
File: images/mactestR.png Graphic file (type bmp)
<images/mactestR.png>
File: images/ready2R.png Graphic file (type bmp)
<images/ready2R.png>

Overfull \hbox (154.69pt too wide) in paragraph at lines 439--441
\TU/lmr/m/n/10 Awesome. You are now Ready to R! [] 
 []


Underfull \vbox (badness 10000) has occurred while \output is active []

[26] [27] [28]
Underfull \hbox (badness 10000) in paragraph at lines 610--613

 []

[29]
Underfull \hbox (badness 10000) in paragraph at lines 655--656

 []

[30] [31]

LaTeX Warning: Reference `intro' on page 32 undefined on input line 760.


LaTeX Warning: Reference `methods' on page 32 undefined on input line 760.

LaTeX Font Info:    Font shape `TU/lmtt/bx/n' in size <10> not available
(Font)              Font shape `TU/lmtt/b/n' tried instead on input line 766.
File: io02-getting-started_files/figure-latex/nice-fig-1.pdf Graphic file (type
 pdf)
<use io02-getting-started_files/figure-latex/nice-fig-1.pdf>

LaTeX Warning: Reference `fig:nice-fig' on page 32 undefined on input line 780.



LaTeX Warning: Reference `tab:nice-tab' on page 32 undefined on input line 780.


[32]

Package natbib Warning: Citation `R-bookdown' on page 33 undefined on input lin
e 826.


Package natbib Warning: Citation `xie2015' on page 33 undefined on input line 8
26.

[33] [34]
Chapter 3.
File: images/tasting.png Graphic file (type bmp)
<images/tasting.png>

Underfull \hbox (badness 1990) in paragraph at lines 844--847
\TU/lmr/m/n/10 In this chapter, we will introduce you to a lot of neat things t
hat
 []


Underfull \hbox (badness 1024) in paragraph at lines 844--847
\TU/lmr/m/n/10 you can do with R and RStudio, and you will publish a simple dat
a
 []


Underfull \hbox (badness 1895) in paragraph at lines 844--847
\TU/lmr/m/n/10 analysis on the Internet that you can share with friends and fam
ily.
 []

File: images/rpubs1.png Graphic file (type bmp)
<images/rpubs1.png>
File: images/rpubs2.png Graphic file (type bmp)
<images/rpubs2.png>
File: images/rpubs3.png Graphic file (type bmp)
<images/rpubs3.png>

Underfull \hbox (badness 10000) in paragraph at lines 851--859
[]
 []


Overfull \hbox (199.10547pt too wide) in paragraph at lines 851--859
\TU/lmr/m/n/10 Click on the \TU/lmr/m/it/10 Here’s How You Get Started \TU/lmr/
m/n/10 link. [] 
 []

[35

]
Underfull \vbox (badness 10000) has occurred while \output is active []

[36]
Overfull \hbox (15.74pt too wide) in paragraph at lines 888--890
\TU/lmr/m/n/10 tidyverse package is installed on your computer. \TU/lmtt/m/n/10
 install.packages("tidyverse") 
 []

File: images/rmd1.png Graphic file (type bmp)
<images/rmd1.png>
File: images/rmd2.png Graphic file (type bmp)
<images/rmd2.png>

Underfull \hbox (badness 10000) in paragraph at lines 909--915
[]
 []


Overfull \hbox (157.42177pt too wide) in paragraph at lines 909--915
\TU/lmr/m/n/10 “Tasting”, and click the OK button. [] 
 []

[37]
Underfull \vbox (badness 10000) has occurred while \output is active []

[38]
File: images/rmd3.png Graphic file (type bmp)
<images/rmd3.png>

Underfull \hbox (badness 10000) in paragraph at lines 916--919
[]
 []


Underfull \vbox (badness 10000) has occurred while \output is active []

[39]
Underfull \hbox (badness 10000) in paragraph at lines 958--961

 []


Underfull \vbox (badness 10000) has occurred while \output is active []

[40]

Package natbib Warning: Citation `djnavarro' on page 41 undefined on input line
 962.


Package natbib Warning: Citation `ryantimpe' on page 41 undefined on input line
 962.


Package natbib Warning: Citation `skyetetra' on page 41 undefined on input line
 962.


Package natbib Warning: Citation `robinson_es' on page 41 undefined on input li
ne 962.


Package natbib Warning: Citation `tylermorganwall' on page 41 undefined on inpu
t line 964.

[41] [42

]
Chapter 4.
[43] [44

]
Chapter 5.
[45] [46

]
Chapter 6.
[47]
Overfull \hbox (87.41454pt too wide) has occurred while \output is active
\TU/lmr/m/n/10 48 \TU/lmr/m/sl/10 CHAPTER 6.  CHECKING, VALIDATING, AND ASSERTI
NG THINGS ABOUT YOUR DATA
 []

[48

]
Chapter 7.
[49]
Overfull \hbox (0.55342pt too wide) has occurred while \output is active
\TU/lmr/m/n/10 50 \TU/lmr/m/sl/10 CHAPTER 7.  TIME SERIES DATA WITH THE TIDYVER
TS PACKAGES
 []

[50]
Chapter 8.
[51

] [52

]
Chapter 9.
[53] [54

]
Chapter 10.
[55]
Overfull \hbox (37.89453pt too wide) has occurred while \output is active
\TU/lmr/m/n/10 56 \TU/lmr/m/sl/10 CHAPTER 10.  TWO VARIABLE GGPLOTS - CONTINUOU
S VS CATEGORICAL
 []

[56

]
Chapter 11.
[57]
Overfull \hbox (31.57452pt too wide) has occurred while \output is active
\TU/lmr/m/n/10 58 \TU/lmr/m/sl/10 CHAPTER 11.  TWO VARIABLE GGPLOTS - CONTINUOU
S VS CONTINUOUS
 []

[58

]
Chapter 12.
[59] [60

]
Chapter 13.
[61] [62]
Chapter 14.
[63

] [64

]
Chapter 15.

Overfull \hbox (148.50203pt too wide) in paragraph at lines 1235--1237
\TU/lmr/m/n/10 h <- pwr::ES.h(.14, .08) # effect size pwr::pwr.2p.test(h=0.1934
809,n=350,sig.level=0.05,alternative=“two.sided”) 
 []

[65] [66

]
Chapter 16.
[67] [68] [69] [70] [71] [72] [73] [74] [75] [76] [77]
Underfull \vbox (badness 10000) has occurred while \output is active []

[78]
Overfull \vbox (5662.79694pt too high) has occurred while \output is active []

[79] [80]
Chapter 17.
[81

] [82

]
Chapter 18.
[83] [84

]
Chapter 19.
[85] [86

]
Chapter 20.
[87] [88

]
Chapter 21.
[89] [90

]
Chapter 22.
[91] [92

]
Chapter 23.
[93]
Underfull \vbox (badness 10000) detected at line 3028
 []

[94] [95]
File: io28-mockstudy_analysis_chisq_files/figure-latex/survivaltime_boxplot-1.p
df Graphic file (type pdf)
<use io28-mockstudy_analysis_chisq_files/figure-latex/survivaltime_boxplot-1.pd
f>

Overfull \hbox (59.25pt too wide) in paragraph at lines 3142--3142
[]\TU/lmtt/m/n/10 ## Warning: Vectorized input to []element_text()[] is not off
icially supported.[] 
 []


Overfull \hbox (38.25pt too wide) in paragraph at lines 3142--3142
[]\TU/lmtt/m/n/10 ## Results may be unexpected or may change in future versions
 of ggplot2.[] 
 []

File: io28-mockstudy_analysis_chisq_files/figure-latex/survival_curves-1.pdf Gr
aphic file (type pdf)
<use io28-mockstudy_analysis_chisq_files/figure-latex/survival_curves-1.pdf>
[96] [97]
File: io29a-chisq_example_files/figure-latex/corr-1.pdf Graphic file (type pdf)

<use io29a-chisq_example_files/figure-latex/corr-1.pdf>
[98]
File: io29a-chisq_example_files/figure-latex/percent-1.pdf Graphic file (type p
df)
<use io29a-chisq_example_files/figure-latex/percent-1.pdf>
[99]
File: io30-ttest_files/figure-latex/density-1.pdf Graphic file (type pdf)
<use io30-ttest_files/figure-latex/density-1.pdf>

Underfull \vbox (badness 2173) has occurred while \output is active []

[100]
File: io30-ttest_files/figure-latex/histogram-1.pdf Graphic file (type pdf)
<use io30-ttest_files/figure-latex/histogram-1.pdf>

Underfull \vbox (badness 10000) has occurred while \output is active []

[101] [102] [103] [104]
Overfull \hbox (17.25pt too wide) in paragraph at lines 3596--3596
[]\TU/lmtt/m/n/10 ## alternative hypothesis: true difference in means is not eq
ual to 0[] 
 []

[105]
Overfull \hbox (17.25pt too wide) in paragraph at lines 3667--3667
[]\TU/lmtt/m/n/10 ## alternative hypothesis: true difference in means is not eq
ual to 0[] 
 []

[106] [107] [108]
File: io30a-ttest_files/figure-latex/density-1.pdf Graphic file (type pdf)
<use io30a-ttest_files/figure-latex/density-1.pdf>
[109]
File: io30a-ttest_files/figure-latex/histogram-1.pdf Graphic file (type pdf)
<use io30a-ttest_files/figure-latex/histogram-1.pdf>
[110] [111] [112]
Overfull \hbox (17.25pt too wide) in paragraph at lines 4186--4186
[]\TU/lmtt/m/n/10 ## alternative hypothesis: true difference in means is not eq
ual to 0[] 
 []

[113]
Overfull \hbox (17.25pt too wide) in paragraph at lines 4257--4257
[]\TU/lmtt/m/n/10 ## alternative hypothesis: true difference in means is not eq
ual to 0[] 
 []

[114] [115] [116] [117]
File: io31-ttest_part2_files/figure-latex/geys-1.pdf Graphic file (type pdf)
<use io31-ttest_part2_files/figure-latex/geys-1.pdf>
File: io31-ttest_part2_files/figure-latex/geyser2-1.pdf Graphic file (type pdf)

<use io31-ttest_part2_files/figure-latex/geyser2-1.pdf>

Overfull \hbox (236.94263pt too wide) in paragraph at lines 4563--4567
[]\TU/lmr/m/n/10 Wait time for eruptions in minutes is negatively skewed []
 []


Underfull \vbox (badness 10000) has occurred while \output is active []

[118]
Overfull \hbox (12.03452pt too wide) has occurred while \output is active
\TU/lmr/m/sl/10 23.55.  SKEWNESS EXAMPLE: OLD FAITHFUL ERUPTION WAIT TIMES \TU/
lmr/m/n/10 119
 []

[119] [120] [121]
Overfull \hbox (17.25pt too wide) in paragraph at lines 4798--4798
[]\TU/lmtt/m/n/10 ## alternative hypothesis: true difference in means is not eq
ual to 0[] 
 []


Overfull \hbox (17.25pt too wide) in paragraph at lines 4824--4824
[]\TU/lmtt/m/n/10 ## alternative hypothesis: true difference in means is not eq
ual to 0[] 
 []

[122] [123] [124]
Overfull \hbox (185.25pt too wide) in paragraph at lines 4995--4995
[]\TU/lmtt/m/n/10 ## |             | A: IFL (N=428)  | F: FOLFOX (N=691) | G: I
ROX (N=380) | Total (N=1499)  | p value|[] 
 []


Overfull \hbox (185.25pt too wide) in paragraph at lines 4995--4995
[]\TU/lmtt/m/n/10 ## |:------------|:---------------:|:-----------------:|:----
-----------:|:---------------:|-------:|[] 
 []


Overfull \hbox (185.25pt too wide) in paragraph at lines 4995--4995
[]\TU/lmtt/m/n/10 ## |sex          |                 |                   |     
            |                 |   0.190|[] 
 []


Overfull \hbox (185.25pt too wide) in paragraph at lines 4995--4995
[]\TU/lmtt/m/n/10 ## |-  Male      |   277 (64.7%)   |    411 (59.5%)    |   22
8 (60.0%)   |   916 (61.1%)   |        |[] 
 []


Overfull \hbox (185.25pt too wide) in paragraph at lines 4995--4995
[]\TU/lmtt/m/n/10 ## |-  Female    |   151 (35.3%)   |    280 (40.5%)    |   15
2 (40.0%)   |   583 (38.9%)   |        |[] 
 []


Overfull \hbox (185.25pt too wide) in paragraph at lines 4995--4995
[]\TU/lmtt/m/n/10 ## |Age in Years |                 |                   |     
            |                 |   0.614|[] 
 []


Overfull \hbox (185.25pt too wide) in paragraph at lines 4995--4995
[]\TU/lmtt/m/n/10 ## |-  Mean (SD) | 59.673 (11.365) |  60.301 (11.632)  | 59.7
63 (11.499) | 59.985 (11.519) |        |[] 
 []


Overfull \hbox (185.25pt too wide) in paragraph at lines 4995--4995
[]\TU/lmtt/m/n/10 ## |-  Range     | 27.000 - 88.000 |  19.000 - 88.000  | 26.0
00 - 85.000 | 19.000 - 88.000 |        |[] 
 []

[125]
Overfull \hbox (269.25pt too wide) in paragraph at lines 5079--5079
[]\TU/lmtt/m/n/10 ## |                             | A: IFL (N=428)  | F: FOLFO
X (N=691) | G: IROX (N=380) | Total (N=1499)  | p value|[] 
 []


Overfull \hbox (269.25pt too wide) in paragraph at lines 5079--5079
[]\TU/lmtt/m/n/10 ## |:----------------------------|:---------------:|:--------
---------:|:---------------:|:---------------:|-------:|[] 
 []


Overfull \hbox (269.25pt too wide) in paragraph at lines 5079--5079
[]\TU/lmtt/m/n/10 ## |**ps**                       |                 |         
          |                 |                 |   0.903|[] 
 []


Overfull \hbox (269.25pt too wide) in paragraph at lines 5079--5079
[]\TU/lmtt/m/n/10 ## |&nbsp;&nbsp;&nbsp;N-Miss     |       69        |        1
41        |       56        |       266       |        |[] 
 []


Overfull \hbox (269.25pt too wide) in paragraph at lines 5079--5079
[]\TU/lmtt/m/n/10 ## |&nbsp;&nbsp;&nbsp;Mean (SD)  |  0.529 (0.597)  |   0.547 
(0.595)   |  0.537 (0.606)  |  0.539 (0.598)  |        |[] 
 []


Overfull \hbox (269.25pt too wide) in paragraph at lines 5079--5079
[]\TU/lmtt/m/n/10 ## |&nbsp;&nbsp;&nbsp;Range      |  0.000 - 2.000  |   0.000 
- 2.000   |  0.000 - 2.000  |  0.000 - 2.000  |        |[] 
 []


Overfull \hbox (269.25pt too wide) in paragraph at lines 5079--5079
[]\TU/lmtt/m/n/10 ## |**hgb**                      |                 |         
          |                 |                 |   0.639|[] 
 []


Overfull \hbox (269.25pt too wide) in paragraph at lines 5079--5079
[]\TU/lmtt/m/n/10 ## |&nbsp;&nbsp;&nbsp;N-Miss     |       69        |        1
41        |       56        |       266       |        |[] 
 []


Overfull \hbox (269.25pt too wide) in paragraph at lines 5079--5079
[]\TU/lmtt/m/n/10 ## |&nbsp;&nbsp;&nbsp;Mean (SD)  | 12.276 (1.686)  |  12.381 
(1.763)   | 12.373 (1.680)  | 12.348 (1.719)  |        |[] 
 []


Overfull \hbox (269.25pt too wide) in paragraph at lines 5079--5079
[]\TU/lmtt/m/n/10 ## |&nbsp;&nbsp;&nbsp;Range      | 9.060 - 17.300  |  9.000 -
 18.200   | 9.000 - 17.000  | 9.000 - 18.200  |        |[] 
 []


Overfull \hbox (269.25pt too wide) in paragraph at lines 5079--5079
[]\TU/lmtt/m/n/10 ## |**Body Mass Index (kg/m^2)** |                 |         
          |                 |                 |   0.892|[] 
 []


Overfull \hbox (269.25pt too wide) in paragraph at lines 5079--5079
[]\TU/lmtt/m/n/10 ## |&nbsp;&nbsp;&nbsp;N-Miss     |        9        |        2
0         |        4        |       33        |        |[] 
 []


Overfull \hbox (269.25pt too wide) in paragraph at lines 5079--5079
[]\TU/lmtt/m/n/10 ## |&nbsp;&nbsp;&nbsp;Mean (SD)  | 27.290 (5.552)  |  27.210 
(5.173)   | 27.106 (5.751)  | 27.206 (5.432)  |        |[] 
 []


Overfull \hbox (269.25pt too wide) in paragraph at lines 5079--5079
[]\TU/lmtt/m/n/10 ## |&nbsp;&nbsp;&nbsp;Range      | 14.053 - 53.008 |  16.649 
- 49.130  | 15.430 - 60.243 | 14.053 - 60.243 |        |[] 
 []


Overfull \hbox (337.5pt too wide) in paragraph at lines 5103--5103
[]\TU/lmtt/m/n/10 ## |                            |   A: IFL (N=428)    |  F: F
OLFOX (N=691)  |   G: IROX (N=380)   |   Total (N=1499)    | p value|[] 
 []


Overfull \hbox (337.5pt too wide) in paragraph at lines 5103--5103
[]\TU/lmtt/m/n/10 ## |:---------------------------|:-------------------:|:-----
--------------:|:-------------------:|:-------------------:|-------:|[] 
 []


Overfull \hbox (337.5pt too wide) in paragraph at lines 5103--5103
[]\TU/lmtt/m/n/10 ## |**sex**                     |                     |      
               |                     |                     |    0.19|[] 
 []


Overfull \hbox (337.5pt too wide) in paragraph at lines 5103--5103
[]\TU/lmtt/m/n/10 ## |&nbsp;&nbsp;&nbsp;Male      |     277 (64.7%)     |     4
11 (59.5%)     |     228 (60.0%)     |     916 (61.1%)     |        |[] 
 []


Overfull \hbox (337.5pt too wide) in paragraph at lines 5103--5103
[]\TU/lmtt/m/n/10 ## |&nbsp;&nbsp;&nbsp;Female    |     151 (35.3%)     |     2
80 (40.5%)     |     152 (40.0%)     |     583 (38.9%)     |        |[] 
 []

[126]
Overfull \hbox (337.5pt too wide) in paragraph at lines 5103--5103
[]\TU/lmtt/m/n/10 ## |**fu.time**                 |                     |      
               |                     |                     |  < 0.01|[] 
 []


Overfull \hbox (337.5pt too wide) in paragraph at lines 5103--5103
[]\TU/lmtt/m/n/10 ## |&nbsp;&nbsp;&nbsp;Mean (SD) | 553.5841 (419.6065) | 731.2
460 (487.7443) | 607.2421 (435.5092) | 649.0841 (462.5109) |        |[] 
 []


Overfull \hbox (337.5pt too wide) in paragraph at lines 5103--5103
[]\TU/lmtt/m/n/10 ## |&nbsp;&nbsp;&nbsp;Range     | 9.0000 - 2170.0000  | 0.000
0 - 2472.0000  | 17.0000 - 2118.0000 | 0.0000 - 2472.0000  |        |[] 
 []


Overfull \hbox (1356.0pt too wide) in paragraph at lines 5138--5138
[]\TU/lmtt/m/n/10 ## /Applications/RStudio.app/Contents/MacOS/pandoc/pandoc +RT
S -K512m -RTS table1.docx.utf8.md --to docx --from markdown+autolink_bare_uris+
tex_math_single_backslash+smart --output table1.docx --highlight-style tango --
lua-filter /Library/Frameworks/R.framework/Versions/3.6/Resources/library/rmark
down/rmd/lua/pagebreak.lua[] 
 []


Overfull \hbox (169.5pt too wide) in paragraph at lines 5162--5162
[]\TU/lmtt/m/n/10 ## 500 records and 13 columns were read from REDCap in 0.5 se
conds.  The http status code was 200.[] 
 []

[127]
Overfull \hbox (195.75pt too wide) in paragraph at lines 5202--5202
[]\TU/lmtt/m/n/10 ## |                            |     1 (N=250)     |     2 (
N=250)     |   Total (N=500)   |  p value|[] 
 []


Overfull \hbox (195.75pt too wide) in paragraph at lines 5202--5202
[]\TU/lmtt/m/n/10 ## |:---------------------------|:-----------------:|:-------
----------:|:-----------------:|--------:|[] 
 []


Overfull \hbox (195.75pt too wide) in paragraph at lines 5202--5202
[]\TU/lmtt/m/n/10 ## |**race**                    |                   |        
           |                   | 0.625^1^|[] 
 []


Overfull \hbox (195.75pt too wide) in paragraph at lines 5202--5202
[]\TU/lmtt/m/n/10 ## |&nbsp;&nbsp;&nbsp;1         |     12 (4.8%)     |     7 (
2.8%)      |     19 (3.8%)     |         |[] 
 []


Overfull \hbox (195.75pt too wide) in paragraph at lines 5202--5202
[]\TU/lmtt/m/n/10 ## |&nbsp;&nbsp;&nbsp;3         |     24 (9.6%)     |    32 (
12.8%)     |    56 (11.2%)     |         |[] 
 []


Overfull \hbox (195.75pt too wide) in paragraph at lines 5202--5202
[]\TU/lmtt/m/n/10 ## |&nbsp;&nbsp;&nbsp;4         |    176 (70.4%)    |    176 
(70.4%)    |    352 (70.4%)    |         |[] 
 []


Overfull \hbox (195.75pt too wide) in paragraph at lines 5202--5202
[]\TU/lmtt/m/n/10 ## |&nbsp;&nbsp;&nbsp;5         |    31 (12.4%)     |    28 (
11.2%)     |    59 (11.8%)     |         |[] 
 []


Overfull \hbox (195.75pt too wide) in paragraph at lines 5202--5202
[]\TU/lmtt/m/n/10 ## |&nbsp;&nbsp;&nbsp;6         |     7 (2.8%)      |     7 (
2.8%)      |     14 (2.8%)     |         |[] 
 []


Overfull \hbox (195.75pt too wide) in paragraph at lines 5202--5202
[]\TU/lmtt/m/n/10 ## |**gender**                  |                   |        
           |                   | 0.372^2^|[] 
 []


Overfull \hbox (195.75pt too wide) in paragraph at lines 5202--5202
[]\TU/lmtt/m/n/10 ## |&nbsp;&nbsp;&nbsp;Mean (SD) |   0.460 (0.499)   |   0.500
 (0.501)   |   0.480 (0.500)   |         |[] 
 []


Overfull \hbox (195.75pt too wide) in paragraph at lines 5202--5202
[]\TU/lmtt/m/n/10 ## |&nbsp;&nbsp;&nbsp;Range     |   0.000 - 1.000   |   0.000
 - 1.000   |   0.000 - 1.000   |         |[] 
 []


Overfull \hbox (195.75pt too wide) in paragraph at lines 5202--5202
[]\TU/lmtt/m/n/10 ## |**height**                  |                   |        
           |                   | 0.498^2^|[] 
 []


Overfull \hbox (195.75pt too wide) in paragraph at lines 5202--5202
[]\TU/lmtt/m/n/10 ## |&nbsp;&nbsp;&nbsp;Mean (SD) | 173.092 (10.610)  |  172.47
6 (9.725)  | 172.784 (10.171)  |         |[] 
 []


Overfull \hbox (195.75pt too wide) in paragraph at lines 5202--5202
[]\TU/lmtt/m/n/10 ## |&nbsp;&nbsp;&nbsp;Range     | 142.500 - 204.300 | 142.900
 - 205.300 | 142.500 - 205.300 |         |[] 
 []


Overfull \hbox (195.75pt too wide) in paragraph at lines 5202--5202
[]\TU/lmtt/m/n/10 ## |**weight**                  |                   |        
           |                   | 0.850^2^|[] 
 []


Overfull \hbox (195.75pt too wide) in paragraph at lines 5202--5202
[]\TU/lmtt/m/n/10 ## |&nbsp;&nbsp;&nbsp;Mean (SD) | 110.356 (22.806)  | 109.940
 (26.311)  | 110.148 (24.597)  |         |[] 
 []


Overfull \hbox (195.75pt too wide) in paragraph at lines 5202--5202
[]\TU/lmtt/m/n/10 ## |&nbsp;&nbsp;&nbsp;Range     | 48.000 - 171.000  | 36.000 
- 189.000  | 36.000 - 189.000  |         |[] 
 []

[128]
Underfull \vbox (badness 10000) detected at line 5264
 []

[129] [130]
File: io34-mockstudy_analysis_files/figure-latex/survivaltime_boxplot-1.pdf Gra
phic file (type pdf)
<use io34-mockstudy_analysis_files/figure-latex/survivaltime_boxplot-1.pdf>

Overfull \hbox (59.25pt too wide) in paragraph at lines 5373--5373
[]\TU/lmtt/m/n/10 ## Warning: Vectorized input to []element_text()[] is not off
icially supported.[] 
 []


Overfull \hbox (38.25pt too wide) in paragraph at lines 5373--5373
[]\TU/lmtt/m/n/10 ## Results may be unexpected or may change in future versions
 of ggplot2.[] 
 []

[131]
File: io34-mockstudy_analysis_files/figure-latex/survival_curves-1.pdf Graphic 
file (type pdf)
<use io34-mockstudy_analysis_files/figure-latex/survival_curves-1.pdf>
[132] [133] [134]

LaTeX Warning: File `/Users/peterhiggins/Documents/Rcode/teach_rmrwr/tidy-1.png
' not found on input line 5565.

! Unable to load picture or PDF file '/Users/peterhiggins/Documents/Rcode/teach
_rmrwr/tidy-1.png'.
<to be read again> 
                   }
l.5565 .../Documents/Rcode/teach_rmrwr/tidy-1.png}
                                                   
Here is how much of TeX's memory you used:
 20246 strings out of 481384
 359227 string characters out of 5926546
 896092 words of memory out of 5000000
 37258 multiletter control sequences out of 15000+600000
 538919 words of font info for 81 fonts, out of 8000000 for 9000
 14 hyphenation exceptions out of 8191
 53i,11n,118p,899b,494s stack positions out of 5000i,500n,10000p,200000b,80000s

Output written on rmrwr.pdf (134 pages).
